<?xml version="1.0" encoding="UTF-8"?>
<testsuite name="rs.ac.uns.ftn.siit.sw442019.graduate.GraduateApplicationTests" tests="1" skipped="0" failures="0" errors="0" timestamp="2023-08-20T14:41:09" hostname="Anastasijas-MacBook-Pro.local" time="0.056">
  <properties/>
  <testcase name="contextLoads()" classname="rs.ac.uns.ftn.siit.sw442019.graduate.GraduateApplicationTests" time="0.056"/>
  <system-out><![CDATA[16:41:08.243 [Test worker] DEBUG org.springframework.boot.test.context.SpringBootTestContextBootstrapper -- Neither @ContextConfiguration nor @ContextHierarchy found for test class [GraduateApplicationTests]: using SpringBootContextLoader
16:41:08.246 [Test worker] DEBUG org.springframework.test.context.support.AbstractContextLoader -- Could not detect default resource locations for test class [rs.ac.uns.ftn.siit.sw442019.graduate.GraduateApplicationTests]: no resource found for suffixes {-context.xml, Context.groovy}.
16:41:08.246 [Test worker] INFO org.springframework.test.context.support.AnnotationConfigContextLoaderUtils -- Could not detect default configuration classes for test class [rs.ac.uns.ftn.siit.sw442019.graduate.GraduateApplicationTests]: GraduateApplicationTests does not declare any static, non-private, non-final, nested classes annotated with @Configuration.
16:41:08.254 [Test worker] DEBUG org.springframework.boot.test.context.SpringBootTestContextBootstrapper -- Using ContextCustomizers for test class [GraduateApplicationTests]: [DisableObservabilityContextCustomizer, PropertyMappingContextCustomizer, Customizer, ExcludeFilterContextCustomizer, DuplicateJsonObjectContextCustomizer, MockitoContextCustomizer, TestRestTemplateContextCustomizer]
16:41:08.281 [Test worker] DEBUG org.springframework.context.annotation.ClassPathScanningCandidateComponentProvider -- Identified candidate component class: file [/Users/anastasijasamcovic/Desktop/domace_map/graduate/build/classes/java/main/rs/ac/uns/ftn/siit/sw442019/graduate/GraduateApplication.class]
16:41:08.281 [Test worker] INFO org.springframework.boot.test.context.SpringBootTestContextBootstrapper -- Found @SpringBootConfiguration rs.ac.uns.ftn.siit.sw442019.graduate.GraduateApplication for test class rs.ac.uns.ftn.siit.sw442019.graduate.GraduateApplicationTests
16:41:08.312 [Test worker] DEBUG org.springframework.boot.test.context.SpringBootTestContextBootstrapper -- Using TestExecutionListeners for test class [GraduateApplicationTests]: [ServletTestExecutionListener, DirtiesContextBeforeModesTestExecutionListener, ApplicationEventsTestExecutionListener, MockitoTestExecutionListener, DependencyInjectionTestExecutionListener, DirtiesContextTestExecutionListener, TransactionalTestExecutionListener, SqlScriptsTestExecutionListener, WithSecurityContextTestExecutionListener, EventPublishingTestExecutionListener, ReactorContextTestExecutionListener, RestDocsTestExecutionListener, MockRestServiceServerResetTestExecutionListener, MockMvcPrintOnlyOnFailureTestExecutionListener, WebDriverTestExecutionListener, MockWebServiceServerTestExecutionListener, ResetMocksTestExecutionListener]
16:41:08.313 [Test worker] DEBUG org.springframework.test.context.support.AbstractDirtiesContextTestExecutionListener -- Before test class: class [GraduateApplicationTests], class annotated with @DirtiesContext [false] with mode [null]

  .   ____          _            __ _ _
 /\\ / ___'_ __ _ _(_)_ __  __ _ \ \ \ \
( ( )\___ | '_ | '_| | '_ \/ _` | \ \ \ \
 \\/  ___)| |_)| | | | | || (_| |  ) ) ) )
  '  |____| .__|_| |_|_| |_\__, | / / / /
 =========|_|==============|___/=/_/_/_/
 :: Spring Boot ::                (v3.0.5)

2023-08-20T16:41:08.406+02:00  INFO 65387 --- [    Test worker] r.a.u.f.s.s.g.GraduateApplicationTests   : Starting GraduateApplicationTests using Java 17.0.7 with PID 65387 (started by anastasijasamcovic in /Users/anastasijasamcovic/Desktop/domace_map/graduate)
2023-08-20T16:41:08.406+02:00  INFO 65387 --- [    Test worker] r.a.u.f.s.s.g.GraduateApplicationTests   : No active profile set, falling back to 1 default profile: "default"
2023-08-20T16:41:08.644+02:00  INFO 65387 --- [    Test worker] .s.d.r.c.RepositoryConfigurationDelegate : Bootstrapping Spring Data JPA repositories in DEFAULT mode.
2023-08-20T16:41:08.669+02:00  INFO 65387 --- [    Test worker] .s.d.r.c.RepositoryConfigurationDelegate : Finished Spring Data repository scanning in 22 ms. Found 4 JPA repository interfaces.
2023-08-20T16:41:08.846+02:00  INFO 65387 --- [    Test worker] o.hibernate.jpa.internal.util.LogHelper  : HHH000204: Processing PersistenceUnitInfo [name: default]
2023-08-20T16:41:08.862+02:00  INFO 65387 --- [    Test worker] org.hibernate.Version                    : HHH000412: Hibernate ORM core version 6.1.7.Final
2023-08-20T16:41:08.951+02:00  INFO 65387 --- [    Test worker] com.zaxxer.hikari.HikariDataSource       : HikariPool-1 - Starting...
2023-08-20T16:41:09.025+02:00  INFO 65387 --- [    Test worker] com.zaxxer.hikari.pool.HikariPool        : HikariPool-1 - Added connection org.postgresql.jdbc.PgConnection@5f0677f3
2023-08-20T16:41:09.025+02:00  INFO 65387 --- [    Test worker] com.zaxxer.hikari.HikariDataSource       : HikariPool-1 - Start completed.
2023-08-20T16:41:09.034+02:00  INFO 65387 --- [    Test worker] SQL dialect                              : HHH000400: Using dialect: org.hibernate.dialect.PostgreSQL95Dialect
2023-08-20T16:41:09.035+02:00  WARN 65387 --- [    Test worker] org.hibernate.orm.deprecation            : HHH90000026: PostgreSQL95Dialect has been deprecated; use org.hibernate.dialect.PostgreSQLDialect instead
2023-08-20T16:41:09.349+02:00  WARN 65387 --- [    Test worker] o.h.engine.jdbc.spi.SqlExceptionHelper   : SQL Warning Code: 0, SQLState: 00000
2023-08-20T16:41:09.350+02:00  WARN 65387 --- [    Test worker] o.h.engine.jdbc.spi.SqlExceptionHelper   : relation "admin" does not exist, skipping
2023-08-20T16:41:09.350+02:00  WARN 65387 --- [    Test worker] o.h.engine.jdbc.spi.SqlExceptionHelper   : SQL Warning Code: 0, SQLState: 00000
2023-08-20T16:41:09.350+02:00  WARN 65387 --- [    Test worker] o.h.engine.jdbc.spi.SqlExceptionHelper   : relation "regular_user" does not exist, skipping
2023-08-20T16:41:09.350+02:00  WARN 65387 --- [    Test worker] o.h.engine.jdbc.spi.SqlExceptionHelper   : SQL Warning Code: 0, SQLState: 00000
2023-08-20T16:41:09.350+02:00  WARN 65387 --- [    Test worker] o.h.engine.jdbc.spi.SqlExceptionHelper   : relation "role_privilege" does not exist, skipping
2023-08-20T16:41:09.351+02:00  WARN 65387 --- [    Test worker] o.h.engine.jdbc.spi.SqlExceptionHelper   : SQL Warning Code: 0, SQLState: 00000
2023-08-20T16:41:09.351+02:00  WARN 65387 --- [    Test worker] o.h.engine.jdbc.spi.SqlExceptionHelper   : relation "role_privilege" does not exist, skipping
2023-08-20T16:41:09.351+02:00  WARN 65387 --- [    Test worker] o.h.engine.jdbc.spi.SqlExceptionHelper   : SQL Warning Code: 0, SQLState: 00000
2023-08-20T16:41:09.351+02:00  WARN 65387 --- [    Test worker] o.h.engine.jdbc.spi.SqlExceptionHelper   : table "admin" does not exist, skipping
2023-08-20T16:41:09.351+02:00  WARN 65387 --- [    Test worker] o.h.engine.jdbc.spi.SqlExceptionHelper   : SQL Warning Code: 0, SQLState: 00000
2023-08-20T16:41:09.351+02:00  WARN 65387 --- [    Test worker] o.h.engine.jdbc.spi.SqlExceptionHelper   : table "privilege" does not exist, skipping
2023-08-20T16:41:09.352+02:00  WARN 65387 --- [    Test worker] o.h.engine.jdbc.spi.SqlExceptionHelper   : SQL Warning Code: 0, SQLState: 00000
2023-08-20T16:41:09.352+02:00  WARN 65387 --- [    Test worker] o.h.engine.jdbc.spi.SqlExceptionHelper   : table "registration_verification" does not exist, skipping
2023-08-20T16:41:09.352+02:00  WARN 65387 --- [    Test worker] o.h.engine.jdbc.spi.SqlExceptionHelper   : SQL Warning Code: 0, SQLState: 00000
2023-08-20T16:41:09.352+02:00  WARN 65387 --- [    Test worker] o.h.engine.jdbc.spi.SqlExceptionHelper   : table "regular_user" does not exist, skipping
2023-08-20T16:41:09.352+02:00  WARN 65387 --- [    Test worker] o.h.engine.jdbc.spi.SqlExceptionHelper   : SQL Warning Code: 0, SQLState: 00000
2023-08-20T16:41:09.352+02:00  WARN 65387 --- [    Test worker] o.h.engine.jdbc.spi.SqlExceptionHelper   : table "role" does not exist, skipping
2023-08-20T16:41:09.352+02:00  WARN 65387 --- [    Test worker] o.h.engine.jdbc.spi.SqlExceptionHelper   : SQL Warning Code: 0, SQLState: 00000
2023-08-20T16:41:09.352+02:00  WARN 65387 --- [    Test worker] o.h.engine.jdbc.spi.SqlExceptionHelper   : table "role_privilege" does not exist, skipping
2023-08-20T16:41:09.353+02:00  WARN 65387 --- [    Test worker] o.h.engine.jdbc.spi.SqlExceptionHelper   : SQL Warning Code: 0, SQLState: 00000
2023-08-20T16:41:09.353+02:00  WARN 65387 --- [    Test worker] o.h.engine.jdbc.spi.SqlExceptionHelper   : sequence "users_id_gen" does not exist, skipping
2023-08-20T16:41:09.388+02:00  INFO 65387 --- [    Test worker] o.h.e.t.j.p.i.JtaPlatformInitiator       : HHH000490: Using JtaPlatform implementation: [org.hibernate.engine.transaction.jta.platform.internal.NoJtaPlatform]
2023-08-20T16:41:09.392+02:00  INFO 65387 --- [    Test worker] j.LocalContainerEntityManagerFactoryBean : Initialized JPA EntityManagerFactory for persistence unit 'default'
2023-08-20T16:41:09.825+02:00  INFO 65387 --- [    Test worker] o.s.s.web.DefaultSecurityFilterChain     : Will secure any request with [org.springframework.security.web.session.DisableEncodeUrlFilter@1899c7ae, org.springframework.security.web.context.request.async.WebAsyncManagerIntegrationFilter@5cdf2c83, org.springframework.security.web.context.SecurityContextHolderFilter@486d1868, org.springframework.security.web.header.HeaderWriterFilter@538fb761, org.springframework.web.filter.CorsFilter@30e734a1, org.springframework.security.web.authentication.logout.LogoutFilter@7f588bc6, rs.ac.uns.ftn.siit.sw442019.graduate.security.JwtAuthenticationFilter@39d37da8, org.springframework.security.web.authentication.www.BasicAuthenticationFilter@58df431e, org.springframework.security.web.savedrequest.RequestCacheAwareFilter@31f96cf, org.springframework.security.web.servletapi.SecurityContextHolderAwareRequestFilter@68fec965, org.springframework.security.web.authentication.AnonymousAuthenticationFilter@44b99467, org.springframework.security.web.session.SessionManagementFilter@73ccdfc1, org.springframework.security.web.access.ExceptionTranslationFilter@12d33d7a, org.springframework.security.web.access.intercept.AuthorizationFilter@5c04685]
2023-08-20T16:41:09.829+02:00  WARN 65387 --- [    Test worker] o.s.s.c.a.web.builders.WebSecurity       : You are asking Spring Security to ignore Mvc [pattern='/auth/login']. This is not recommended -- please use permitAll via HttpSecurity#authorizeHttpRequests instead.
2023-08-20T16:41:09.829+02:00  INFO 65387 --- [    Test worker] o.s.s.web.DefaultSecurityFilterChain     : Will not secure Mvc [pattern='/auth/login']
2023-08-20T16:41:09.970+02:00  INFO 65387 --- [    Test worker] o.s.m.s.b.SimpleBrokerMessageHandler     : Starting...
2023-08-20T16:41:09.970+02:00  INFO 65387 --- [    Test worker] o.s.m.s.b.SimpleBrokerMessageHandler     : BrokerAvailabilityEvent[available=true, SimpleBrokerMessageHandler [org.springframework.messaging.simp.broker.DefaultSubscriptionRegistry@ab5954d]]
2023-08-20T16:41:09.971+02:00  INFO 65387 --- [    Test worker] o.s.m.s.b.SimpleBrokerMessageHandler     : Started.
2023-08-20T16:41:09.975+02:00  INFO 65387 --- [    Test worker] r.a.u.f.s.s.g.GraduateApplicationTests   : Started GraduateApplicationTests in 1.649 seconds (process running for 2.045)
]]></system-out>
  <system-err><![CDATA[]]></system-err>
</testsuite>
